<?xml version="1.0" encoding="UTF-8"?>
<!-- Generated by org.testng.reporters.JUnitXMLReporter -->
<testsuite ignored="0" hostname="LAPTOP-GJ562UJB" failures="0" tests="7" name="Default test" time="0.123" errors="0" timestamp="2023-07-31T17:38:56 IST">
  <testcase classname="com.DemoTest" name="@BeforeTest Setup" time="-1.690805335884E9">
    <failure type="org.testng.TestNGException" message="
Parameter &amp;apos;browser&amp;apos; is required by BeforeTest on method Setup but has not been marked @Optional or defined
in C:\Users\tusha\AppData\Local\Temp\testng-eclipse-763095197\testng-customsuite.xml">
      <![CDATA[org.testng.TestNGException: 
Parameter 'browser' is required by BeforeTest on method Setup but has not been marked @Optional or defined
in C:\Users\tusha\AppData\Local\Temp\testng-eclipse-763095197\testng-customsuite.xml
at org.testng.internal.Parameters.createParams(Parameters.java:267)
at org.testng.internal.Parameters.createParametersForMethod(Parameters.java:355)
at org.testng.internal.Parameters.createParameters(Parameters.java:684)
at org.testng.internal.Parameters.createConfigurationParameters(Parameters.java:166)
at org.testng.internal.invokers.ConfigInvoker.invokeConfigurations(ConfigInvoker.java:306)
at org.testng.TestRunner.invokeTestConfigurations(TestRunner.java:663)
at org.testng.TestRunner.beforeRun(TestRunner.java:652)
at org.testng.TestRunner.run(TestRunner.java:614)
at org.testng.SuiteRunner.runTest(SuiteRunner.java:443)
at org.testng.SuiteRunner.runSequentially(SuiteRunner.java:437)
at org.testng.SuiteRunner.privateRun(SuiteRunner.java:397)
at org.testng.SuiteRunner.run(SuiteRunner.java:336)
at org.testng.SuiteRunnerWorker.runSuite(SuiteRunnerWorker.java:52)
at org.testng.SuiteRunnerWorker.run(SuiteRunnerWorker.java:95)
at org.testng.TestNG.runSuitesSequentially(TestNG.java:1280)
at org.testng.TestNG.runSuitesLocally(TestNG.java:1200)
at org.testng.TestNG.runSuites(TestNG.java:1114)
at org.testng.TestNG.run(TestNG.java:1082)
at org.testng.remote.AbstractRemoteTestNG.run(AbstractRemoteTestNG.java:115)
at org.testng.remote.RemoteTestNG.initAndRun(RemoteTestNG.java:251)
at org.testng.remote.RemoteTestNG.main(RemoteTestNG.java:77)
]]>
    </failure>
  </testcase> <!-- @BeforeTest Setup -->
  <testcase classname="com.DemoTest" name="@AfterMethod checkStatus" time="0.0">
    <skipped/>
  </testcase> <!-- @AfterMethod checkStatus -->
  <testcase classname="com.DemoTest" name="@AfterTest CloseProcess" time="0.0">
    <skipped/>
  </testcase> <!-- @AfterTest CloseProcess -->
  <testcase classname="com.ChromeTest" name="OpenFlipkartTest" time="0.001">
    <skipped/>
  </testcase> <!-- OpenFlipkartTest -->
  <testcase classname="com.ChromeTest" name="SearchingIphone13" time="0.0">
    <skipped/>
  </testcase> <!-- SearchingIphone13 -->
  <testcase classname="com.ChromeTest" name="ProductImagesLoadedTest" time="0.0">
    <skipped/>
  </testcase> <!-- ProductImagesLoadedTest -->
  <testcase classname="com.ChromeTest" name="ScrollAvailabilityTest" time="0.0">
    <skipped/>
  </testcase> <!-- ScrollAvailabilityTest -->
  <testcase classname="com.ChromeTest" name="ImagesVisibleOnScreenTest" time="0.0">
    <skipped/>
  </testcase> <!-- ImagesVisibleOnScreenTest -->
  <testcase classname="com.ChromeTest" name="scrollToBottomTest" time="0.0">
    <skipped/>
  </testcase> <!-- scrollToBottomTest -->
  <testcase classname="com.ChromeTest" name="checkContentRefreshFrequency" time="0.0">
    <skipped/>
  </testcase> <!-- checkContentRefreshFrequency -->
</testsuite> <!-- Default test -->
